<?xml version="1.0" encoding="UTF-8"?>
<testsuite name="hotciv.standard.TestAlphaCiv" tests="41" skipped="0" failures="0" errors="0" timestamp="2018-09-10T10:22:58" hostname="Troels-Laptop" time="0.148">
  <properties/>
  <testcase name="shouldUpdateTreasuryAfterUnitProduction" classname="hotciv.standard.TestAlphaCiv" time="0.043"/>
  <testcase name="thereShouldBeHillsAt0_1" classname="hotciv.standard.TestAlphaCiv" time="0.005"/>
  <testcase name="ageShouldStartAt4000YearsBeforeChrist" classname="hotciv.standard.TestAlphaCiv" time="0.0"/>
  <testcase name="citiesShouldHave1Population" classname="hotciv.standard.TestAlphaCiv" time="0.001"/>
  <testcase name="thereShouldBePlainsAt1_1" classname="hotciv.standard.TestAlphaCiv" time="0.0"/>
  <testcase name="shouldBeRedAsStartingPlayer" classname="hotciv.standard.TestAlphaCiv" time="0.0"/>
  <testcase name="shouldHave6ProductionAtEndTurnBlueCity" classname="hotciv.standard.TestAlphaCiv" time="0.0"/>
  <testcase name="shouldHave6ProductionAtEndTurnRedCity" classname="hotciv.standard.TestAlphaCiv" time="0.0"/>
  <testcase name="ageShouldIncrementWith100AtEndOfTurn" classname="hotciv.standard.TestAlphaCiv" time="0.004"/>
  <testcase name="redShouldAlwaysProduceUnitOnCityTileIfPossible" classname="hotciv.standard.TestAlphaCiv" time="0.0"/>
  <testcase name="thereShouldBeAUnitPlacedOn2_0" classname="hotciv.standard.TestAlphaCiv" time="0.001"/>
  <testcase name="redShouldNotBeAbleToSpawnUnitsOnMountains" classname="hotciv.standard.TestAlphaCiv" time="0.001"/>
  <testcase name="blueShouldAlwaysProduceUnitOnCityTileIfPossible" classname="hotciv.standard.TestAlphaCiv" time="0.001"/>
  <testcase name="blueShouldAlwaysProduceUnitNorthOfCityTileIfItIsOccupiedByAUnit" classname="hotciv.standard.TestAlphaCiv" time="0.0"/>
  <testcase name="shouldHave12ProductionAfterTwoEndTurnRedCity" classname="hotciv.standard.TestAlphaCiv" time="0.0"/>
  <testcase name="shouldHaveCityAt11" classname="hotciv.standard.TestAlphaCiv" time="0.001"/>
  <testcase name="thereShouldBeASettlerAt4_3" classname="hotciv.standard.TestAlphaCiv" time="0.0"/>
  <testcase name="thereShouldBeABlueCityOn41" classname="hotciv.standard.TestAlphaCiv" time="0.0"/>
  <testcase name="redShouldOwnAnArcherAt2_0" classname="hotciv.standard.TestAlphaCiv" time="0.0"/>
  <testcase name="shouldProduceOneLegionUnitAfterEndOfRoundForPlayerRed" classname="hotciv.standard.TestAlphaCiv" time="0.0"/>
  <testcase name="shouldDefinetelyBeRemoved" classname="hotciv.standard.TestAlphaCiv" time="0.059"/>
  <testcase name="shouldHave12ProductionAfterTwoEndTurnsBlue" classname="hotciv.standard.TestAlphaCiv" time="0.001"/>
  <testcase name="shouldBeBlueAfterEndTurn" classname="hotciv.standard.TestAlphaCiv" time="0.001"/>
  <testcase name="shouldProduceOneArcherUnitAfterEndOfRoundForPlayerRedAt1_1" classname="hotciv.standard.TestAlphaCiv" time="0.001"/>
  <testcase name="shouldBeRedPlayerWinningIn3000BC" classname="hotciv.standard.TestAlphaCiv" time="0.002"/>
  <testcase name="thereShouldBeAnOceanAt1_0" classname="hotciv.standard.TestAlphaCiv" time="0.001"/>
  <testcase name="legionShouldBeAbleToMoveAswell" classname="hotciv.standard.TestAlphaCiv" time="0.0"/>
  <testcase name="shouldBeableToMoveUnitfromRedArcherPositionTo2_2" classname="hotciv.standard.TestAlphaCiv" time="0.001"/>
  <testcase name="blueShouldOwnALegion3_2" classname="hotciv.standard.TestAlphaCiv" time="0.001"/>
  <testcase name="citiesShouldHaveZeroProductionInitiallyRedCity" classname="hotciv.standard.TestAlphaCiv" time="0.001"/>
  <testcase name="thereShouldBeALegionAt3_2" classname="hotciv.standard.TestAlphaCiv" time="0.0"/>
  <testcase name="thereShouldNotBeACityOn01" classname="hotciv.standard.TestAlphaCiv" time="0.0"/>
  <testcase name="checkForEligibleSpawnPositionsAtRedCityWithRelationToUnits" classname="hotciv.standard.TestAlphaCiv" time="0.0"/>
  <testcase name="thereShouldBeACityOn41" classname="hotciv.standard.TestAlphaCiv" time="0.0"/>
  <testcase name="shouldProduceOneArcherUnitAfterEndOfRoundForPlayerBlueAt4_1" classname="hotciv.standard.TestAlphaCiv" time="0.0"/>
  <testcase name="thereShouldBeAnArcherOn2_0" classname="hotciv.standard.TestAlphaCiv" time="0.0"/>
  <testcase name="thereShouldAlsoBePlainsAt4_2" classname="hotciv.standard.TestAlphaCiv" time="0.0"/>
  <testcase name="thereShouldBeMountainsAt2_2" classname="hotciv.standard.TestAlphaCiv" time="0.0"/>
  <testcase name="shouldHaveRedCityAt11" classname="hotciv.standard.TestAlphaCiv" time="0.0"/>
  <testcase name="thereShouldLastlyBePlainsAt15_15" classname="hotciv.standard.TestAlphaCiv" time="0.001"/>
  <testcase name="shouldRemoveUnitFromOldPosition" classname="hotciv.standard.TestAlphaCiv" time="0.0"/>
  <system-out><![CDATA[]]></system-out>
  <system-err><![CDATA[]]></system-err>
</testsuite>
