<?xml version="1.0" encoding="UTF-8"?>
<testsuite name="hotciv.standard.TestAlphaCiv" tests="2" skipped="0" failures="0" errors="0" timestamp="2018-08-27T12:53:16" hostname="Troels-Laptop" time="0.05">
  <properties/>
  <testcase name="shouldBeRedAsStartingPlayer" classname="hotciv.standard.TestAlphaCiv" time="0.025"/>
  <testcase name="shouldDefinetelyBeRemoved" classname="hotciv.standard.TestAlphaCiv" time="0.018"/>
  <system-out><![CDATA[]]></system-out>
  <system-err><![CDATA[]]></system-err>
</testsuite>
